Command line invocation:
    /Applications/Xcode.app/Contents/Developer/usr/bin/xcodebuild -scheme e2e -project "./Count my breaths.xcodeproj" -derivedDataPath "~/Library/Developer/Xcode/DerivedData" -destination "platform=iOS Simulator,id=8DB31988-69E8-4334-A22A-3B3A7A9D598F" build test

User defaults from command line:
    IDEDerivedDataPathOverride = /Users/lucasdesouza/Library/Developer/Xcode/DerivedData

Resolve Package Graph

Resolved source packages:
  QuickComponents: https://github.com/LucasCarioca/QuickComponents.git @ 0.7.3
  ToastUI: https://github.com/quanshousio/ToastUI.git @ 1.2.1
  SwiftUICharts: https://github.com/AppPear/ChartView.git @ 1.5.4


note: Using new build system
note: Building targets in parallel
note: Planning build
note: Using build description from disk
ProcessProductPackaging "" /Users/lucasdesouza/Library/Developer/Xcode/DerivedData/Build/Intermediates.noindex/Count\ my\ breaths.build/Debug-iphonesimulator/Count\ my\ breaths.build/Count\ my\ breaths.app.xcent (in target 'Count my breaths' from project 'Count my breaths')
    cd /Users/lucasdesouza/projects/breath-ios
    

Entitlements:

{
    "com.apple.security.get-task-allow" = 1;
}


    builtin-productPackagingUtility -entitlements -format xml -o /Users/lucasdesouza/Library/Developer/Xcode/DerivedData/Build/Intermediates.noindex/Count\ my\ breaths.build/Debug-iphonesimulator/Count\ my\ breaths.build/Count\ my\ breaths.app.xcent

ProcessProductPackaging "" /Users/lucasdesouza/Library/Developer/Xcode/DerivedData/Build/Intermediates.noindex/Count\ my\ breaths.build/Debug-iphonesimulator/Count\ my\ breaths.build/Count\ my\ breaths.app-Simulated.xcent (in target 'Count my breaths' from project 'Count my breaths')
    cd /Users/lucasdesouza/projects/breath-ios
    

Entitlements:

{
    "application-identifier" = "Y259ZT3SQK.com.lucasdesouza.countmybreaths";
}


    builtin-productPackagingUtility -entitlements -format xml -o /Users/lucasdesouza/Library/Developer/Xcode/DerivedData/Build/Intermediates.noindex/Count\ my\ breaths.build/Debug-iphonesimulator/Count\ my\ breaths.build/Count\ my\ breaths.app-Simulated.xcent

Ld /Users/lucasdesouza/Library/Developer/Xcode/DerivedData/Build/Products/Debug-iphonesimulator/Count\ my\ breaths.app/Count\ my\ breaths normal (in target 'Count my breaths' from project 'Count my breaths')
    cd /Users/lucasdesouza/projects/breath-ios
    /Applications/Xcode.app/Contents/Developer/Toolchains/XcodeDefault.xctoolchain/usr/bin/clang -target x86_64-apple-ios14.0-simulator -isysroot /Applications/Xcode.app/Contents/Developer/Platforms/iPhoneSimulator.platform/Developer/SDKs/iPhoneSimulator14.1.sdk -L/Users/lucasdesouza/Library/Developer/Xcode/DerivedData/Build/Products/Debug-iphonesimulator -F/Users/lucasdesouza/Library/Developer/Xcode/DerivedData/Build/Products/Debug-iphonesimulator -filelist /Users/lucasdesouza/Library/Developer/Xcode/DerivedData/Build/Intermediates.noindex/Count\ my\ breaths.build/Debug-iphonesimulator/Count\ my\ breaths.build/Objects-normal/x86_64/Count\ my\ breaths.LinkFileList -Xlinker -rpath -Xlinker @executable_path/Frameworks -dead_strip -Xlinker -object_path_lto -Xlinker /Users/lucasdesouza/Library/Developer/Xcode/DerivedData/Build/Intermediates.noindex/Count\ my\ breaths.build/Debug-iphonesimulator/Count\ my\ breaths.build/Objects-normal/x86_64/Count\ my\ breaths_lto.o -Xlinker -export_dynamic -Xlinker -no_deduplicate -Xlinker -objc_abi_version -Xlinker 2 -fobjc-link-runtime -L/Applications/Xcode.app/Contents/Developer/Toolchains/XcodeDefault.xctoolchain/usr/lib/swift/iphonesimulator -L/usr/lib/swift -Xlinker -add_ast_path -Xlinker /Users/lucasdesouza/Library/Developer/Xcode/DerivedData/Build/Intermediates.noindex/Count\ my\ breaths.build/Debug-iphonesimulator/Count\ my\ breaths.build/Objects-normal/x86_64/Count_my_breaths.swiftmodule -Xlinker -sectcreate -Xlinker __TEXT -Xlinker __entitlements -Xlinker /Users/lucasdesouza/Library/Developer/Xcode/DerivedData/Build/Intermediates.noindex/Count\ my\ breaths.build/Debug-iphonesimulator/Count\ my\ breaths.build/Count\ my\ breaths.app-Simulated.xcent -framework CloudKit -Xlinker -dependency_info -Xlinker /Users/lucasdesouza/Library/Developer/Xcode/DerivedData/Build/Intermediates.noindex/Count\ my\ breaths.build/Debug-iphonesimulator/Count\ my\ breaths.build/Objects-normal/x86_64/Count\ my\ breaths_dependency_info.dat -o /Users/lucasdesouza/Library/Developer/Xcode/DerivedData/Build/Products/Debug-iphonesimulator/Count\ my\ breaths.app/Count\ my\ breaths -Xlinker -add_ast_path -Xlinker /Users/lucasdesouza/Library/Developer/Xcode/DerivedData/Build/Intermediates.noindex/ToastUI.build/Debug-iphonesimulator/ToastUI.build/Objects-normal/x86_64/ToastUI.swiftmodule -Xlinker -add_ast_path -Xlinker /Users/lucasdesouza/Library/Developer/Xcode/DerivedData/Build/Intermediates.noindex/SwiftUICharts.build/Debug-iphonesimulator/SwiftUICharts.build/Objects-normal/x86_64/SwiftUICharts.swiftmodule -Xlinker -add_ast_path -Xlinker /Users/lucasdesouza/Library/Developer/Xcode/DerivedData/Build/Intermediates.noindex/QuickComponents.build/Debug-iphonesimulator/QuickComponents.build/Objects-normal/x86_64/QuickComponents.swiftmodule

CopySwiftLibs /Users/lucasdesouza/Library/Developer/Xcode/DerivedData/Build/Products/Debug-iphonesimulator/Count\ my\ breaths.app (in target 'Count my breaths' from project 'Count my breaths')
    cd /Users/lucasdesouza/projects/breath-ios
    export CODESIGN_ALLOCATE\=/Applications/Xcode.app/Contents/Developer/Toolchains/XcodeDefault.xctoolchain/usr/bin/codesign_allocate
    export DEVELOPER_DIR\=/Applications/Xcode.app/Contents/Developer
    export SDKROOT\=/Applications/Xcode.app/Contents/Developer/Platforms/iPhoneSimulator.platform/Developer/SDKs/iPhoneSimulator14.1.sdk
    builtin-swiftStdLibTool --copy --verbose --sign - --scan-executable /Users/lucasdesouza/Library/Developer/Xcode/DerivedData/Build/Products/Debug-iphonesimulator/Count\ my\ breaths.app/Count\ my\ breaths --scan-folder /Users/lucasdesouza/Library/Developer/Xcode/DerivedData/Build/Products/Debug-iphonesimulator/Count\ my\ breaths.app/Frameworks --scan-folder /Users/lucasdesouza/Library/Developer/Xcode/DerivedData/Build/Products/Debug-iphonesimulator/Count\ my\ breaths.app/PlugIns --scan-folder /Applications/Xcode.app/Contents/Developer/Platforms/iPhoneSimulator.platform/Developer/SDKs/iPhoneSimulator14.1.sdk/System/Library/Frameworks/CloudKit.framework --platform iphonesimulator --toolchain /Applications/Xcode.app/Contents/Developer/Toolchains/XcodeDefault.xctoolchain --destination /Users/lucasdesouza/Library/Developer/Xcode/DerivedData/Build/Products/Debug-iphonesimulator/Count\ my\ breaths.app/Frameworks --strip-bitcode --strip-bitcode-tool /Applications/Xcode.app/Contents/Developer/Toolchains/XcodeDefault.xctoolchain/usr/bin/bitcode_strip --emit-dependency-info /Users/lucasdesouza/Library/Developer/Xcode/DerivedData/Build/Intermediates.noindex/Count\ my\ breaths.build/Debug-iphonesimulator/Count\ my\ breaths.build/SwiftStdLibToolInputDependencies.dep --filter-for-swift-os

CodeSign /Users/lucasdesouza/Library/Developer/Xcode/DerivedData/Build/Products/Debug-iphonesimulator/Count\ my\ breaths.app (in target 'Count my breaths' from project 'Count my breaths')
    cd /Users/lucasdesouza/projects/breath-ios
    export CODESIGN_ALLOCATE\=/Applications/Xcode.app/Contents/Developer/Toolchains/XcodeDefault.xctoolchain/usr/bin/codesign_allocate
    
Signing Identity:     "-"

    /usr/bin/codesign --force --sign - --entitlements /Users/lucasdesouza/Library/Developer/Xcode/DerivedData/Build/Intermediates.noindex/Count\ my\ breaths.build/Debug-iphonesimulator/Count\ my\ breaths.build/Count\ my\ breaths.app.xcent --timestamp\=none /Users/lucasdesouza/Library/Developer/Xcode/DerivedData/Build/Products/Debug-iphonesimulator/Count\ my\ breaths.app

** BUILD SUCCEEDED **

note: Using new build system
note: Building targets in parallel
note: Planning build
note: Using build description from disk
ProcessProductPackaging "" /Users/lucasdesouza/Library/Developer/Xcode/DerivedData/Build/Intermediates.noindex/Count\ my\ breaths.build/Debug-iphonesimulator/Count\ my\ breaths.build/Count\ my\ breaths.app-Simulated.xcent (in target 'Count my breaths' from project 'Count my breaths')
    cd /Users/lucasdesouza/projects/breath-ios
    

Entitlements:

{
    "application-identifier" = "Y259ZT3SQK.com.lucasdesouza.countmybreaths";
}


    builtin-productPackagingUtility -entitlements -format xml -o /Users/lucasdesouza/Library/Developer/Xcode/DerivedData/Build/Intermediates.noindex/Count\ my\ breaths.build/Debug-iphonesimulator/Count\ my\ breaths.build/Count\ my\ breaths.app-Simulated.xcent

ProcessProductPackaging "" /Users/lucasdesouza/Library/Developer/Xcode/DerivedData/Build/Intermediates.noindex/Count\ my\ breaths.build/Debug-iphonesimulator/Count\ my\ breaths.build/Count\ my\ breaths.app.xcent (in target 'Count my breaths' from project 'Count my breaths')
    cd /Users/lucasdesouza/projects/breath-ios
    

Entitlements:

{
    "com.apple.security.get-task-allow" = 1;
}


    builtin-productPackagingUtility -entitlements -format xml -o /Users/lucasdesouza/Library/Developer/Xcode/DerivedData/Build/Intermediates.noindex/Count\ my\ breaths.build/Debug-iphonesimulator/Count\ my\ breaths.build/Count\ my\ breaths.app.xcent

Ld /Users/lucasdesouza/Library/Developer/Xcode/DerivedData/Build/Products/Debug-iphonesimulator/Count\ my\ breaths.app/Count\ my\ breaths normal (in target 'Count my breaths' from project 'Count my breaths')
    cd /Users/lucasdesouza/projects/breath-ios
    /Applications/Xcode.app/Contents/Developer/Toolchains/XcodeDefault.xctoolchain/usr/bin/clang -target x86_64-apple-ios14.0-simulator -isysroot /Applications/Xcode.app/Contents/Developer/Platforms/iPhoneSimulator.platform/Developer/SDKs/iPhoneSimulator14.1.sdk -L/Users/lucasdesouza/Library/Developer/Xcode/DerivedData/Build/Products/Debug-iphonesimulator -F/Users/lucasdesouza/Library/Developer/Xcode/DerivedData/Build/Products/Debug-iphonesimulator -filelist /Users/lucasdesouza/Library/Developer/Xcode/DerivedData/Build/Intermediates.noindex/Count\ my\ breaths.build/Debug-iphonesimulator/Count\ my\ breaths.build/Objects-normal/x86_64/Count\ my\ breaths.LinkFileList -Xlinker -rpath -Xlinker @executable_path/Frameworks -dead_strip -Xlinker -object_path_lto -Xlinker /Users/lucasdesouza/Library/Developer/Xcode/DerivedData/Build/Intermediates.noindex/Count\ my\ breaths.build/Debug-iphonesimulator/Count\ my\ breaths.build/Objects-normal/x86_64/Count\ my\ breaths_lto.o -Xlinker -export_dynamic -Xlinker -no_deduplicate -Xlinker -objc_abi_version -Xlinker 2 -fobjc-link-runtime -L/Applications/Xcode.app/Contents/Developer/Toolchains/XcodeDefault.xctoolchain/usr/lib/swift/iphonesimulator -L/usr/lib/swift -Xlinker -add_ast_path -Xlinker /Users/lucasdesouza/Library/Developer/Xcode/DerivedData/Build/Intermediates.noindex/Count\ my\ breaths.build/Debug-iphonesimulator/Count\ my\ breaths.build/Objects-normal/x86_64/Count_my_breaths.swiftmodule -Xlinker -sectcreate -Xlinker __TEXT -Xlinker __entitlements -Xlinker /Users/lucasdesouza/Library/Developer/Xcode/DerivedData/Build/Intermediates.noindex/Count\ my\ breaths.build/Debug-iphonesimulator/Count\ my\ breaths.build/Count\ my\ breaths.app-Simulated.xcent -framework CloudKit -Xlinker -dependency_info -Xlinker /Users/lucasdesouza/Library/Developer/Xcode/DerivedData/Build/Intermediates.noindex/Count\ my\ breaths.build/Debug-iphonesimulator/Count\ my\ breaths.build/Objects-normal/x86_64/Count\ my\ breaths_dependency_info.dat -o /Users/lucasdesouza/Library/Developer/Xcode/DerivedData/Build/Products/Debug-iphonesimulator/Count\ my\ breaths.app/Count\ my\ breaths -Xlinker -add_ast_path -Xlinker /Users/lucasdesouza/Library/Developer/Xcode/DerivedData/Build/Intermediates.noindex/ToastUI.build/Debug-iphonesimulator/ToastUI.build/Objects-normal/x86_64/ToastUI.swiftmodule -Xlinker -add_ast_path -Xlinker /Users/lucasdesouza/Library/Developer/Xcode/DerivedData/Build/Intermediates.noindex/SwiftUICharts.build/Debug-iphonesimulator/SwiftUICharts.build/Objects-normal/x86_64/SwiftUICharts.swiftmodule -Xlinker -add_ast_path -Xlinker /Users/lucasdesouza/Library/Developer/Xcode/DerivedData/Build/Intermediates.noindex/QuickComponents.build/Debug-iphonesimulator/QuickComponents.build/Objects-normal/x86_64/QuickComponents.swiftmodule

CopySwiftLibs /Users/lucasdesouza/Library/Developer/Xcode/DerivedData/Build/Products/Debug-iphonesimulator/Count\ my\ breaths.app (in target 'Count my breaths' from project 'Count my breaths')
    cd /Users/lucasdesouza/projects/breath-ios
    export CODESIGN_ALLOCATE\=/Applications/Xcode.app/Contents/Developer/Toolchains/XcodeDefault.xctoolchain/usr/bin/codesign_allocate
    export DEVELOPER_DIR\=/Applications/Xcode.app/Contents/Developer
    export SDKROOT\=/Applications/Xcode.app/Contents/Developer/Platforms/iPhoneSimulator.platform/Developer/SDKs/iPhoneSimulator14.1.sdk
    builtin-swiftStdLibTool --copy --verbose --sign - --scan-executable /Users/lucasdesouza/Library/Developer/Xcode/DerivedData/Build/Products/Debug-iphonesimulator/Count\ my\ breaths.app/Count\ my\ breaths --scan-folder /Users/lucasdesouza/Library/Developer/Xcode/DerivedData/Build/Products/Debug-iphonesimulator/Count\ my\ breaths.app/Frameworks --scan-folder /Users/lucasdesouza/Library/Developer/Xcode/DerivedData/Build/Products/Debug-iphonesimulator/Count\ my\ breaths.app/PlugIns --scan-folder /Applications/Xcode.app/Contents/Developer/Platforms/iPhoneSimulator.platform/Developer/SDKs/iPhoneSimulator14.1.sdk/System/Library/Frameworks/CloudKit.framework --platform iphonesimulator --toolchain /Applications/Xcode.app/Contents/Developer/Toolchains/XcodeDefault.xctoolchain --destination /Users/lucasdesouza/Library/Developer/Xcode/DerivedData/Build/Products/Debug-iphonesimulator/Count\ my\ breaths.app/Frameworks --strip-bitcode --strip-bitcode-tool /Applications/Xcode.app/Contents/Developer/Toolchains/XcodeDefault.xctoolchain/usr/bin/bitcode_strip --emit-dependency-info /Users/lucasdesouza/Library/Developer/Xcode/DerivedData/Build/Intermediates.noindex/Count\ my\ breaths.build/Debug-iphonesimulator/Count\ my\ breaths.build/SwiftStdLibToolInputDependencies.dep --filter-for-swift-os

CodeSign /Users/lucasdesouza/Library/Developer/Xcode/DerivedData/Build/Products/Debug-iphonesimulator/Count\ my\ breaths.app (in target 'Count my breaths' from project 'Count my breaths')
    cd /Users/lucasdesouza/projects/breath-ios
    export CODESIGN_ALLOCATE\=/Applications/Xcode.app/Contents/Developer/Toolchains/XcodeDefault.xctoolchain/usr/bin/codesign_allocate
    
Signing Identity:     "-"

    /usr/bin/codesign --force --sign - --entitlements /Users/lucasdesouza/Library/Developer/Xcode/DerivedData/Build/Intermediates.noindex/Count\ my\ breaths.build/Debug-iphonesimulator/Count\ my\ breaths.build/Count\ my\ breaths.app.xcent --timestamp\=none /Users/lucasdesouza/Library/Developer/Xcode/DerivedData/Build/Products/Debug-iphonesimulator/Count\ my\ breaths.app

PhaseScriptExecution Run\ Script /Users/lucasdesouza/Library/Developer/Xcode/DerivedData/Build/Intermediates.noindex/Count\ my\ breaths.build/Debug-iphonesimulator/Count\ my\ breathsUITests.build/Script-DFA26AAD25450DEF00E86B99.sh (in target 'Count my breathsUITests' from project 'Count my breaths')
    cd /Users/lucasdesouza/projects/breath-ios
    export ACTION\=build
    export AD_HOC_CODE_SIGNING_ALLOWED\=YES
    export ALTERNATE_GROUP\=staff
    export ALTERNATE_MODE\=u+w,go-w,a+rX
    export ALTERNATE_OWNER\=lucasdesouza
    export ALWAYS_EMBED_SWIFT_STANDARD_LIBRARIES\=NO
    export ALWAYS_SEARCH_USER_PATHS\=NO
    export ALWAYS_USE_SEPARATE_HEADERMAPS\=NO
    export APPLE_INTERNAL_DEVELOPER_DIR\=/AppleInternal/Developer
    export APPLE_INTERNAL_DIR\=/AppleInternal
    export APPLE_INTERNAL_DOCUMENTATION_DIR\=/AppleInternal/Documentation
    export APPLE_INTERNAL_LIBRARY_DIR\=/AppleInternal/Library
    export APPLE_INTERNAL_TOOLS\=/AppleInternal/Developer/Tools
    export APPLICATION_EXTENSION_API_ONLY\=NO
    export APPLY_RULES_IN_COPY_FILES\=NO
    export APPLY_RULES_IN_COPY_HEADERS\=NO
    export ARCHS\=x86_64
    export ARCHS_STANDARD\=arm64\ x86_64
    export ARCHS_STANDARD_32_64_BIT\=arm64\ i386\ x86_64
    export ARCHS_STANDARD_32_BIT\=i386
    export ARCHS_STANDARD_64_BIT\=arm64\ x86_64
    export ARCHS_STANDARD_INCLUDING_64_BIT\=arm64\ x86_64
    export ARCHS_UNIVERSAL_IPHONE_OS\=arm64\ i386\ x86_64
    export ASSETCATALOG_FILTER_FOR_DEVICE_MODEL\=iPhone13,2
    export ASSETCATALOG_FILTER_FOR_DEVICE_OS_VERSION\=14.1
    export AVAILABLE_PLATFORMS\=appletvos\ appletvsimulator\ iphoneos\ iphonesimulator\ macosx\ watchos\ watchsimulator
    export AppIdentifierPrefix\=Y259ZT3SQK.
    export BITCODE_GENERATION_MODE\=marker
    export BUILD_ACTIVE_RESOURCES_ONLY\=YES
    export BUILD_COMPONENTS\=headers\ build
    export BUILD_DIR\=/Users/lucasdesouza/Library/Developer/Xcode/DerivedData/Build/Products
    export BUILD_LIBRARY_FOR_DISTRIBUTION\=NO
    export BUILD_ROOT\=/Users/lucasdesouza/Library/Developer/Xcode/DerivedData/Build/Products
    export BUILD_STYLE\=
    export BUILD_VARIANTS\=normal
    export BUILT_PRODUCTS_DIR\=/Users/lucasdesouza/Library/Developer/Xcode/DerivedData/Build/Products/Debug-iphonesimulator
    export BUNDLE_CONTENTS_FOLDER_PATH_deep\=Contents/
    export BUNDLE_EXECUTABLE_FOLDER_NAME_deep\=MacOS
    export BUNDLE_FORMAT\=shallow
    export BUNDLE_FRAMEWORKS_FOLDER_PATH\=Frameworks
    export BUNDLE_PLUGINS_FOLDER_PATH\=PlugIns
    export BUNDLE_PRIVATE_HEADERS_FOLDER_PATH\=PrivateHeaders
    export BUNDLE_PUBLIC_HEADERS_FOLDER_PATH\=Headers
    export CACHE_ROOT\=/var/folders/9z/rsbj22ss5h74rg79z3rm2qvw0000gn/C/com.apple.DeveloperTools/12.1-12A7403/Xcode
    export CCHROOT\=/var/folders/9z/rsbj22ss5h74rg79z3rm2qvw0000gn/C/com.apple.DeveloperTools/12.1-12A7403/Xcode
    export CHMOD\=/bin/chmod
    export CHOWN\=/usr/sbin/chown
    export CLANG_ANALYZER_NONNULL\=YES
    export CLANG_ANALYZER_NUMBER_OBJECT_CONVERSION\=YES_AGGRESSIVE
    export CLANG_CXX_LANGUAGE_STANDARD\=gnu++14
    export CLANG_CXX_LIBRARY\=libc++
    export CLANG_ENABLE_MODULES\=YES
    export CLANG_ENABLE_OBJC_ARC\=YES
    export CLANG_ENABLE_OBJC_WEAK\=YES
    export CLANG_MODULES_BUILD_SESSION_FILE\=/Users/lucasdesouza/Library/Developer/Xcode/DerivedData/ModuleCache.noindex/Session.modulevalidation
    export CLANG_WARN_BLOCK_CAPTURE_AUTORELEASING\=YES
    export CLANG_WARN_BOOL_CONVERSION\=YES
    export CLANG_WARN_COMMA\=YES
    export CLANG_WARN_CONSTANT_CONVERSION\=YES
    export CLANG_WARN_DEPRECATED_OBJC_IMPLEMENTATIONS\=YES
    export CLANG_WARN_DIRECT_OBJC_ISA_USAGE\=YES_ERROR
    export CLANG_WARN_DOCUMENTATION_COMMENTS\=YES
    export CLANG_WARN_EMPTY_BODY\=YES
    export CLANG_WARN_ENUM_CONVERSION\=YES
    export CLANG_WARN_INFINITE_RECURSION\=YES
    export CLANG_WARN_INT_CONVERSION\=YES
    export CLANG_WARN_NON_LITERAL_NULL_CONVERSION\=YES
    export CLANG_WARN_OBJC_IMPLICIT_RETAIN_SELF\=YES
    export CLANG_WARN_OBJC_LITERAL_CONVERSION\=YES
    export CLANG_WARN_OBJC_ROOT_CLASS\=YES_ERROR
    export CLANG_WARN_QUOTED_INCLUDE_IN_FRAMEWORK_HEADER\=YES
    export CLANG_WARN_RANGE_LOOP_ANALYSIS\=YES
    export CLANG_WARN_STRICT_PROTOTYPES\=YES
    export CLANG_WARN_SUSPICIOUS_MOVE\=YES
    export CLANG_WARN_UNGUARDED_AVAILABILITY\=YES_AGGRESSIVE
    export CLANG_WARN_UNREACHABLE_CODE\=YES
    export CLANG_WARN__DUPLICATE_METHOD_MATCH\=YES
    export CLASS_FILE_DIR\=/Users/lucasdesouza/Library/Developer/Xcode/DerivedData/Build/Intermediates.noindex/Count\ my\ breaths.build/Debug-iphonesimulator/Count\ my\ breathsUITests.build/JavaClasses
    export CLEAN_PRECOMPS\=YES
    export CLONE_HEADERS\=NO
    export CODESIGNING_FOLDER_PATH\=/Users/lucasdesouza/Library/Developer/Xcode/DerivedData/Build/Products/Debug-iphonesimulator/Count\ my\ breathsUITests-Runner.app/PlugIns/Count\ my\ breathsUITests.xctest
    export CODE_SIGNING_ALLOWED\=YES
    export CODE_SIGNING_REQUIRED\=YES
    export CODE_SIGN_CONTEXT_CLASS\=XCiPhoneSimulatorCodeSignContext
    export CODE_SIGN_IDENTITY\=-
    export CODE_SIGN_INJECT_BASE_ENTITLEMENTS\=YES
    export CODE_SIGN_STYLE\=Automatic
    export COLOR_DIAGNOSTICS\=NO
    export COMBINE_HIDPI_IMAGES\=NO
    export COMPILER_INDEX_STORE_ENABLE\=Default
    export COMPOSITE_SDK_DIRS\=/Users/lucasdesouza/Library/Developer/Xcode/DerivedData/Build/Intermediates.noindex/CompositeSDKs
    export COMPRESS_PNG_FILES\=YES
    export CONFIGURATION\=Debug
    export CONFIGURATION_BUILD_DIR\=/Users/lucasdesouza/Library/Developer/Xcode/DerivedData/Build/Products/Debug-iphonesimulator
    export CONFIGURATION_TEMP_DIR\=/Users/lucasdesouza/Library/Developer/Xcode/DerivedData/Build/Intermediates.noindex/Count\ my\ breaths.build/Debug-iphonesimulator
    export CONTENTS_FOLDER_PATH\=Count\ my\ breathsUITests.xctest
    export COPYING_PRESERVES_HFS_DATA\=NO
    export COPY_HEADERS_RUN_UNIFDEF\=NO
    export COPY_PHASE_STRIP\=NO
    export COPY_RESOURCES_FROM_STATIC_FRAMEWORKS\=YES
    export CORRESPONDING_DEVICE_PLATFORM_DIR\=/Applications/Xcode.app/Contents/Developer/Platforms/iPhoneOS.platform
    export CORRESPONDING_DEVICE_PLATFORM_NAME\=iphoneos
    export CORRESPONDING_DEVICE_SDK_DIR\=/Applications/Xcode.app/Contents/Developer/Platforms/iPhoneOS.platform/Developer/SDKs/iPhoneOS14.1.sdk
    export CORRESPONDING_DEVICE_SDK_NAME\=iphoneos14.1
    export CP\=/bin/cp
    export CREATE_INFOPLIST_SECTION_IN_BINARY\=NO
    export CURRENT_ARCH\=undefined_arch
    export CURRENT_VARIANT\=normal
    export DEAD_CODE_STRIPPING\=YES
    export DEBUGGING_SYMBOLS\=YES
    export DEBUG_INFORMATION_FORMAT\=dwarf
    export DEFAULT_COMPILER\=com.apple.compilers.llvm.clang.1_0
    export DEFAULT_DEXT_INSTALL_PATH\=/System/Library/DriverExtensions
    export DEFAULT_KEXT_INSTALL_PATH\=/System/Library/Extensions
    export DEFINES_MODULE\=NO
    export DEPLOYMENT_LOCATION\=NO
    export DEPLOYMENT_POSTPROCESSING\=NO
    export DEPLOYMENT_TARGET_CLANG_ENV_NAME\=IPHONEOS_DEPLOYMENT_TARGET
    export DEPLOYMENT_TARGET_CLANG_FLAG_NAME\=mios-simulator-version-min
    export DEPLOYMENT_TARGET_CLANG_FLAG_PREFIX\=-mios-simulator-version-min\=
    export DEPLOYMENT_TARGET_LD_ENV_NAME\=IPHONEOS_DEPLOYMENT_TARGET
    export DEPLOYMENT_TARGET_LD_FLAG_NAME\=ios_simulator_version_min
    export DEPLOYMENT_TARGET_SETTING_NAME\=IPHONEOS_DEPLOYMENT_TARGET
    export DEPLOYMENT_TARGET_SUGGESTED_VALUES\=9.0\ 9.1\ 9.2\ 9.3\ 10.0\ 10.1\ 10.2\ 10.3\ 11.0\ 11.1\ 11.2\ 11.3\ 11.4\ 12.0\ 12.1\ 12.2\ 12.3\ 12.4\ 13.0\ 13.1\ 13.2\ 13.3\ 13.4\ 13.5\ 13.6\ 14.0\ 14.1
    export DERIVED_FILES_DIR\=/Users/lucasdesouza/Library/Developer/Xcode/DerivedData/Build/Intermediates.noindex/Count\ my\ breaths.build/Debug-iphonesimulator/Count\ my\ breathsUITests.build/DerivedSources
    export DERIVED_FILE_DIR\=/Users/lucasdesouza/Library/Developer/Xcode/DerivedData/Build/Intermediates.noindex/Count\ my\ breaths.build/Debug-iphonesimulator/Count\ my\ breathsUITests.build/DerivedSources
    export DERIVED_SOURCES_DIR\=/Users/lucasdesouza/Library/Developer/Xcode/DerivedData/Build/Intermediates.noindex/Count\ my\ breaths.build/Debug-iphonesimulator/Count\ my\ breathsUITests.build/DerivedSources
    export DEVELOPER_APPLICATIONS_DIR\=/Applications/Xcode.app/Contents/Developer/Applications
    export DEVELOPER_BIN_DIR\=/Applications/Xcode.app/Contents/Developer/usr/bin
    export DEVELOPER_DIR\=/Applications/Xcode.app/Contents/Developer
    export DEVELOPER_FRAMEWORKS_DIR\=/Applications/Xcode.app/Contents/Developer/Library/Frameworks
    export DEVELOPER_FRAMEWORKS_DIR_QUOTED\=/Applications/Xcode.app/Contents/Developer/Library/Frameworks
    export DEVELOPER_LIBRARY_DIR\=/Applications/Xcode.app/Contents/Developer/Library
    export DEVELOPER_SDK_DIR\=/Applications/Xcode.app/Contents/Developer/Platforms/MacOSX.platform/Developer/SDKs
    export DEVELOPER_TOOLS_DIR\=/Applications/Xcode.app/Contents/Developer/Tools
    export DEVELOPER_USR_DIR\=/Applications/Xcode.app/Contents/Developer/usr
    export DEVELOPMENT_LANGUAGE\=en
    export DEVELOPMENT_TEAM\=Y259ZT3SQK
    export DOCUMENTATION_FOLDER_PATH\=Count\ my\ breathsUITests.xctest/en.lproj/Documentation
    export DONT_GENERATE_INFOPLIST_FILE\=NO
    export DO_HEADER_SCANNING_IN_JAM\=NO
    export DSTROOT\=/tmp/Count\ my\ breaths.dst
    export DT_TOOLCHAIN_DIR\=/Applications/Xcode.app/Contents/Developer/Toolchains/XcodeDefault.xctoolchain
    export DWARF_DSYM_FILE_NAME\=Count\ my\ breathsUITests.xctest.dSYM
    export DWARF_DSYM_FILE_SHOULD_ACCOMPANY_PRODUCT\=NO
    export DWARF_DSYM_FOLDER_PATH\=/Users/lucasdesouza/Library/Developer/Xcode/DerivedData/Build/Products/Debug-iphonesimulator/Count\ my\ breathsUITests-Runner.app/PlugIns
    export EFFECTIVE_PLATFORM_NAME\=-iphonesimulator
    export EMBEDDED_CONTENT_CONTAINS_SWIFT\=NO
    export EMBED_ASSET_PACKS_IN_PRODUCT_BUNDLE\=NO
    export ENABLE_BITCODE\=NO
    export ENABLE_DEFAULT_HEADER_SEARCH_PATHS\=YES
    export ENABLE_HARDENED_RUNTIME\=NO
    export ENABLE_HEADER_DEPENDENCIES\=YES
    export ENABLE_ON_DEMAND_RESOURCES\=NO
    export ENABLE_PREVIEWS\=NO
    export ENABLE_STRICT_OBJC_MSGSEND\=YES
    export ENABLE_TESTABILITY\=YES
    export ENABLE_TESTING_SEARCH_PATHS\=YES
    export ENTITLEMENTS_DESTINATION\=__entitlements
    export ENTITLEMENTS_REQUIRED\=YES
    export EXCLUDED_INSTALLSRC_SUBDIRECTORY_PATTERNS\=.DS_Store\ .svn\ .git\ .hg\ CVS
    export EXCLUDED_RECURSIVE_SEARCH_PATH_SUBDIRECTORIES\=\*.nib\ \*.lproj\ \*.framework\ \*.gch\ \*.xcode\*\ \*.xcassets\ \(\*\)\ .DS_Store\ CVS\ .svn\ .git\ .hg\ \*.pbproj\ \*.pbxproj
    export EXECUTABLES_FOLDER_PATH\=Count\ my\ breathsUITests.xctest/Executables
    export EXECUTABLE_FOLDER_PATH\=Count\ my\ breathsUITests.xctest
    export EXECUTABLE_NAME\=Count\ my\ breathsUITests
    export EXECUTABLE_PATH\=Count\ my\ breathsUITests.xctest/Count\ my\ breathsUITests
    export EXPANDED_CODE_SIGN_IDENTITY\=-
    export EXPANDED_CODE_SIGN_IDENTITY_NAME\=-
    export FILE_LIST\=/Users/lucasdesouza/Library/Developer/Xcode/DerivedData/Build/Intermediates.noindex/Count\ my\ breaths.build/Debug-iphonesimulator/Count\ my\ breathsUITests.build/Objects/LinkFileList
    export FIXED_FILES_DIR\=/Users/lucasdesouza/Library/Developer/Xcode/DerivedData/Build/Intermediates.noindex/Count\ my\ breaths.build/Debug-iphonesimulator/Count\ my\ breathsUITests.build/FixedFiles
    export FRAMEWORKS_FOLDER_PATH\=Count\ my\ breathsUITests.xctest/Frameworks
    export FRAMEWORK_FLAG_PREFIX\=-framework
    export FRAMEWORK_SEARCH_PATHS\=/Users/lucasdesouza/Library/Developer/Xcode/DerivedData/Build/Products/Debug-iphonesimulator\ 
    export FRAMEWORK_VERSION\=A
    export FULL_PRODUCT_NAME\=Count\ my\ breathsUITests.xctest
    export GCC3_VERSION\=3.3
    export GCC_C_LANGUAGE_STANDARD\=gnu11
    export GCC_DYNAMIC_NO_PIC\=NO
    export GCC_INLINES_ARE_PRIVATE_EXTERN\=YES
    export GCC_NO_COMMON_BLOCKS\=YES
    export GCC_OBJC_LEGACY_DISPATCH\=YES
    export GCC_OPTIMIZATION_LEVEL\=0
    export GCC_PFE_FILE_C_DIALECTS\=c\ objective-c\ c++\ objective-c++
    export GCC_PREPROCESSOR_DEFINITIONS\=DEBUG\=1\ 
    export GCC_TREAT_WARNINGS_AS_ERRORS\=NO
    export GCC_VERSION\=com.apple.compilers.llvm.clang.1_0
    export GCC_VERSION_IDENTIFIER\=com_apple_compilers_llvm_clang_1_0
    export GCC_WARN_64_TO_32_BIT_CONVERSION\=YES
    export GCC_WARN_ABOUT_RETURN_TYPE\=YES_ERROR
    export GCC_WARN_UNDECLARED_SELECTOR\=YES
    export GCC_WARN_UNINITIALIZED_AUTOS\=YES_AGGRESSIVE
    export GCC_WARN_UNUSED_FUNCTION\=YES
    export GCC_WARN_UNUSED_VARIABLE\=YES
    export GENERATED_MODULEMAP_DIR\=/Users/lucasdesouza/Library/Developer/Xcode/DerivedData/Build/Intermediates.noindex/GeneratedModuleMaps-iphonesimulator
    export GENERATE_MASTER_OBJECT_FILE\=NO
    export GENERATE_PKGINFO_FILE\=NO
    export GENERATE_PROFILING_CODE\=NO
    export GENERATE_TEXT_BASED_STUBS\=NO
    export GID\=20
    export GROUP\=staff
    export HEADERMAP_INCLUDES_FLAT_ENTRIES_FOR_TARGET_BEING_BUILT\=YES
    export HEADERMAP_INCLUDES_FRAMEWORK_ENTRIES_FOR_ALL_PRODUCT_TYPES\=YES
    export HEADERMAP_INCLUDES_NONPUBLIC_NONPRIVATE_HEADERS\=YES
    export HEADERMAP_INCLUDES_PROJECT_HEADERS\=YES
    export HEADERMAP_USES_FRAMEWORK_PREFIX_ENTRIES\=YES
    export HEADERMAP_USES_VFS\=NO
    export HEADER_SEARCH_PATHS\=/Users/lucasdesouza/Library/Developer/Xcode/DerivedData/Build/Products/Debug-iphonesimulator/include\ 
    export HIDE_BITCODE_SYMBOLS\=YES
    export HOME\=/Users/lucasdesouza
    export ICONV\=/usr/bin/iconv
    export INFOPLIST_EXPAND_BUILD_SETTINGS\=YES
    export INFOPLIST_FILE\=Count\ my\ breathsUITests/Info.plist
    export INFOPLIST_OUTPUT_FORMAT\=binary
    export INFOPLIST_PATH\=Count\ my\ breathsUITests.xctest/Info.plist
    export INFOPLIST_PREPROCESS\=NO
    export INFOSTRINGS_PATH\=Count\ my\ breathsUITests.xctest/en.lproj/InfoPlist.strings
    export INLINE_PRIVATE_FRAMEWORKS\=NO
    export INSTALLHDRS_COPY_PHASE\=NO
    export INSTALLHDRS_SCRIPT_PHASE\=NO
    export INSTALL_DIR\=/tmp/Count\ my\ breaths.dst
    export INSTALL_GROUP\=staff
    export INSTALL_MODE_FLAG\=u+w,go-w,a+rX
    export INSTALL_OWNER\=lucasdesouza
    export INSTALL_ROOT\=/tmp/Count\ my\ breaths.dst
    export IPHONEOS_DEPLOYMENT_TARGET\=14.1
    export JAVAC_DEFAULT_FLAGS\=-J-Xms64m\ -J-XX:NewSize\=4M\ -J-Dfile.encoding\=UTF8
    export JAVA_APP_STUB\=/System/Library/Frameworks/JavaVM.framework/Resources/MacOS/JavaApplicationStub
    export JAVA_ARCHIVE_CLASSES\=YES
    export JAVA_ARCHIVE_TYPE\=JAR
    export JAVA_COMPILER\=/usr/bin/javac
    export JAVA_FOLDER_PATH\=Count\ my\ breathsUITests.xctest/Java
    export JAVA_FRAMEWORK_RESOURCES_DIRS\=Resources
    export JAVA_JAR_FLAGS\=cv
    export JAVA_SOURCE_SUBDIR\=.
    export JAVA_USE_DEPENDENCIES\=YES
    export JAVA_ZIP_FLAGS\=-urg
    export JIKES_DEFAULT_FLAGS\=+E\ +OLDCSO
    export KEEP_PRIVATE_EXTERNS\=NO
    export LD_DEPENDENCY_INFO_FILE\=/Users/lucasdesouza/Library/Developer/Xcode/DerivedData/Build/Intermediates.noindex/Count\ my\ breaths.build/Debug-iphonesimulator/Count\ my\ breathsUITests.build/Objects-normal/undefined_arch/Count\ my\ breathsUITests_dependency_info.dat
    export LD_ENTITLEMENTS_SECTION\=/Users/lucasdesouza/Library/Developer/Xcode/DerivedData/Build/Intermediates.noindex/Count\ my\ breaths.build/Debug-iphonesimulator/Count\ my\ breathsUITests.build/Count\ my\ breathsUITests.xctest-Simulated.xcent
    export LD_GENERATE_MAP_FILE\=NO
    export LD_MAP_FILE_PATH\=/Users/lucasdesouza/Library/Developer/Xcode/DerivedData/Build/Intermediates.noindex/Count\ my\ breaths.build/Debug-iphonesimulator/Count\ my\ breathsUITests.build/Count\ my\ breathsUITests-LinkMap-normal-undefined_arch.txt
    export LD_NO_PIE\=NO
    export LD_QUOTE_LINKER_ARGUMENTS_FOR_COMPILER_DRIVER\=YES
    export LD_RUNPATH_SEARCH_PATHS\=\ @executable_path/Frameworks\ @loader_path/Frameworks
    export LEGACY_DEVELOPER_DIR\=/Applications/Xcode.app/Contents/PlugIns/Xcode3Core.ideplugin/Contents/SharedSupport/Developer
    export LEX\=lex
    export LIBRARY_DEXT_INSTALL_PATH\=/Library/DriverExtensions
    export LIBRARY_FLAG_NOSPACE\=YES
    export LIBRARY_FLAG_PREFIX\=-l
    export LIBRARY_KEXT_INSTALL_PATH\=/Library/Extensions
    export LIBRARY_SEARCH_PATHS\=/Users/lucasdesouza/Library/Developer/Xcode/DerivedData/Build/Products/Debug-iphonesimulator\ \ \ /Applications/Xcode.app/Contents/Developer/Platforms/iPhoneSimulator.platform/Developer/usr/lib
    export LINKER_DISPLAYS_MANGLED_NAMES\=NO
    export LINK_FILE_LIST_normal_x86_64\=/Users/lucasdesouza/Library/Developer/Xcode/DerivedData/Build/Intermediates.noindex/Count\ my\ breaths.build/Debug-iphonesimulator/Count\ my\ breathsUITests.build/Objects-normal/x86_64/Count\ my\ breathsUITests.LinkFileList
    export LINK_WITH_STANDARD_LIBRARIES\=YES
    export LLVM_TARGET_TRIPLE_OS_VERSION\=ios14.1
    export LLVM_TARGET_TRIPLE_SUFFIX\=-simulator
    export LLVM_TARGET_TRIPLE_VENDOR\=apple
    export LOCALIZED_RESOURCES_FOLDER_PATH\=Count\ my\ breathsUITests.xctest/en.lproj
    export LOCALIZED_STRING_MACRO_NAMES\=NSLocalizedString\ CFCopyLocalizedString
    export LOCALIZED_STRING_SWIFTUI_SUPPORT\=YES
    export LOCAL_ADMIN_APPS_DIR\=/Applications/Utilities
    export LOCAL_APPS_DIR\=/Applications
    export LOCAL_DEVELOPER_DIR\=/Library/Developer
    export LOCAL_LIBRARY_DIR\=/Library
    export LOCROOT\=/Users/lucasdesouza/projects/breath-ios
    export LOCSYMROOT\=/Users/lucasdesouza/projects/breath-ios
    export MACH_O_TYPE\=mh_bundle
    export MAC_OS_X_PRODUCT_BUILD_VERSION\=19H2
    export MAC_OS_X_VERSION_ACTUAL\=101507
    export MAC_OS_X_VERSION_MAJOR\=101500
    export MAC_OS_X_VERSION_MINOR\=1507
    export METAL_LIBRARY_FILE_BASE\=default
    export METAL_LIBRARY_OUTPUT_DIR\=/Users/lucasdesouza/Library/Developer/Xcode/DerivedData/Build/Products/Debug-iphonesimulator/Count\ my\ breathsUITests-Runner.app/PlugIns/Count\ my\ breathsUITests.xctest
    export MODULES_FOLDER_PATH\=Count\ my\ breathsUITests.xctest/Modules
    export MODULE_CACHE_DIR\=/Users/lucasdesouza/Library/Developer/Xcode/DerivedData/ModuleCache.noindex
    export MTL_ENABLE_DEBUG_INFO\=INCLUDE_SOURCE
    export MTL_FAST_MATH\=YES
    export NATIVE_ARCH\=x86_64
    export NATIVE_ARCH_32_BIT\=i386
    export NATIVE_ARCH_64_BIT\=x86_64
    export NATIVE_ARCH_ACTUAL\=x86_64
    export NO_COMMON\=YES
    export OBJC_ABI_VERSION\=2
    export OBJECT_FILE_DIR\=/Users/lucasdesouza/Library/Developer/Xcode/DerivedData/Build/Intermediates.noindex/Count\ my\ breaths.build/Debug-iphonesimulator/Count\ my\ breathsUITests.build/Objects
    export OBJECT_FILE_DIR_normal\=/Users/lucasdesouza/Library/Developer/Xcode/DerivedData/Build/Intermediates.noindex/Count\ my\ breaths.build/Debug-iphonesimulator/Count\ my\ breathsUITests.build/Objects-normal
    export OBJROOT\=/Users/lucasdesouza/Library/Developer/Xcode/DerivedData/Build/Intermediates.noindex
    export ONLY_ACTIVE_ARCH\=YES
    export OS\=MACOS
    export OSAC\=/usr/bin/osacompile
    export PACKAGE_TYPE\=com.apple.package-type.bundle.unit-test
    export PASCAL_STRINGS\=YES
    export PATH\=/Applications/Xcode.app/Contents/Developer/Toolchains/XcodeDefault.xctoolchain/usr/bin:/Applications/Xcode.app/Contents/Developer/Toolchains/XcodeDefault.xctoolchain/usr/local/bin:/Applications/Xcode.app/Contents/Developer/Toolchains/XcodeDefault.xctoolchain/usr/libexec:/Applications/Xcode.app/Contents/Developer/Platforms/iPhoneSimulator.platform/usr/bin:/Applications/Xcode.app/Contents/Developer/Platforms/iPhoneSimulator.platform/usr/local/bin:/Applications/Xcode.app/Contents/Developer/Platforms/iPhoneSimulator.platform/Developer/usr/bin:/Applications/Xcode.app/Contents/Developer/Platforms/iPhoneSimulator.platform/Developer/usr/local/bin:/Applications/Xcode.app/Contents/Developer/usr/bin:/Applications/Xcode.app/Contents/Developer/usr/local/bin:/usr/local/bin:/usr/bin:/bin:/usr/sbin:/sbin:/Library/Apple/usr/bin:/usr/local/share/dotnet
    export PATH_PREFIXES_EXCLUDED_FROM_HEADER_DEPENDENCIES\=/usr/include\ /usr/local/include\ /System/Library/Frameworks\ /System/Library/PrivateFrameworks\ /Applications/Xcode.app/Contents/Developer/Headers\ /Applications/Xcode.app/Contents/Developer/SDKs\ /Applications/Xcode.app/Contents/Developer/Platforms
    export PBDEVELOPMENTPLIST_PATH\=Count\ my\ breathsUITests.xctest/pbdevelopment.plist
    export PER_ARCH_OBJECT_FILE_DIR\=/Users/lucasdesouza/Library/Developer/Xcode/DerivedData/Build/Intermediates.noindex/Count\ my\ breaths.build/Debug-iphonesimulator/Count\ my\ breathsUITests.build/Objects-normal/undefined_arch
    export PER_VARIANT_OBJECT_FILE_DIR\=/Users/lucasdesouza/Library/Developer/Xcode/DerivedData/Build/Intermediates.noindex/Count\ my\ breaths.build/Debug-iphonesimulator/Count\ my\ breathsUITests.build/Objects-normal
    export PKGINFO_FILE_PATH\=/Users/lucasdesouza/Library/Developer/Xcode/DerivedData/Build/Intermediates.noindex/Count\ my\ breaths.build/Debug-iphonesimulator/Count\ my\ breathsUITests.build/PkgInfo
    export PKGINFO_PATH\=Count\ my\ breathsUITests.xctest/PkgInfo
    export PLATFORM_DEVELOPER_APPLICATIONS_DIR\=/Applications/Xcode.app/Contents/Developer/Platforms/iPhoneSimulator.platform/Developer/Applications
    export PLATFORM_DEVELOPER_BIN_DIR\=/Applications/Xcode.app/Contents/Developer/Platforms/iPhoneSimulator.platform/Developer/usr/bin
    export PLATFORM_DEVELOPER_LIBRARY_DIR\=/Applications/Xcode.app/Contents/Developer/Platforms/iPhoneSimulator.platform/Developer/Library
    export PLATFORM_DEVELOPER_SDK_DIR\=/Applications/Xcode.app/Contents/Developer/Platforms/iPhoneSimulator.platform/Developer/SDKs
    export PLATFORM_DEVELOPER_TOOLS_DIR\=/Applications/Xcode.app/Contents/Developer/Platforms/iPhoneSimulator.platform/Developer/Tools
    export PLATFORM_DEVELOPER_USR_DIR\=/Applications/Xcode.app/Contents/Developer/Platforms/iPhoneSimulator.platform/Developer/usr
    export PLATFORM_DIR\=/Applications/Xcode.app/Contents/Developer/Platforms/iPhoneSimulator.platform
    export PLATFORM_DISPLAY_NAME\=iOS\ Simulator
    export PLATFORM_FAMILY_NAME\=iOS
    export PLATFORM_NAME\=iphonesimulator
    export PLATFORM_PREFERRED_ARCH\=x86_64
    export PLATFORM_PRODUCT_BUILD_VERSION\=18A8394
    export PLIST_FILE_OUTPUT_FORMAT\=binary
    export PLUGINS_FOLDER_PATH\=Count\ my\ breathsUITests.xctest/PlugIns
    export PRECOMPS_INCLUDE_HEADERS_FROM_BUILT_PRODUCTS_DIR\=YES
    export PRECOMP_DESTINATION_DIR\=/Users/lucasdesouza/Library/Developer/Xcode/DerivedData/Build/Intermediates.noindex/Count\ my\ breaths.build/Debug-iphonesimulator/Count\ my\ breathsUITests.build/PrefixHeaders
    export PRESERVE_DEAD_CODE_INITS_AND_TERMS\=NO
    export PRIVATE_HEADERS_FOLDER_PATH\=Count\ my\ breathsUITests.xctest/PrivateHeaders
    export PRODUCT_BUNDLE_IDENTIFIER\=net.lucasdesouza.Count-my-breathsUITests
    export PRODUCT_BUNDLE_PACKAGE_TYPE\=BNDL
    export PRODUCT_MODULE_NAME\=Count_my_breathsUITests
    export PRODUCT_NAME\=Count\ my\ breathsUITests
    export PRODUCT_SETTINGS_PATH\=/Users/lucasdesouza/projects/breath-ios/Count\ my\ breathsUITests/Info.plist
    export PRODUCT_SPECIFIC_LDFLAGS\=\ -framework\ XCTest
    export PRODUCT_TYPE\=com.apple.product-type.bundle.ui-testing
    export PRODUCT_TYPE_SWIFT_STDLIB_TOOL_FLAGS\=--scan-executable\ \"/Applications/Xcode.app/Contents/Developer/Platforms/iPhoneSimulator.platform/Developer/usr/lib/libXCTestSwiftSupport.dylib\"
    export PROFILING_CODE\=NO
    export PROJECT\=Count\ my\ breaths
    export PROJECT_DERIVED_FILE_DIR\=/Users/lucasdesouza/Library/Developer/Xcode/DerivedData/Build/Intermediates.noindex/Count\ my\ breaths.build/DerivedSources
    export PROJECT_DIR\=/Users/lucasdesouza/projects/breath-ios
    export PROJECT_FILE_PATH\=/Users/lucasdesouza/projects/breath-ios/Count\ my\ breaths.xcodeproj
    export PROJECT_NAME\=Count\ my\ breaths
    export PROJECT_TEMP_DIR\=/Users/lucasdesouza/Library/Developer/Xcode/DerivedData/Build/Intermediates.noindex/Count\ my\ breaths.build
    export PROJECT_TEMP_ROOT\=/Users/lucasdesouza/Library/Developer/Xcode/DerivedData/Build/Intermediates.noindex
    export PROVISIONING_PROFILE_DESTINATION_PATH\=/Users/lucasdesouza/Library/Developer/Xcode/DerivedData/Build/Products/Debug-iphonesimulator/Count\ my\ breathsUITests-Runner.app/PlugIns/..
    export PUBLIC_HEADERS_FOLDER_PATH\=Count\ my\ breathsUITests.xctest/Headers
    export RECURSIVE_SEARCH_PATHS_FOLLOW_SYMLINKS\=YES
    export REMOVE_CVS_FROM_RESOURCES\=YES
    export REMOVE_GIT_FROM_RESOURCES\=YES
    export REMOVE_HEADERS_FROM_EMBEDDED_BUNDLES\=YES
    export REMOVE_HG_FROM_RESOURCES\=YES
    export REMOVE_SVN_FROM_RESOURCES\=YES
    export REZ_COLLECTOR_DIR\=/Users/lucasdesouza/Library/Developer/Xcode/DerivedData/Build/Intermediates.noindex/Count\ my\ breaths.build/Debug-iphonesimulator/Count\ my\ breathsUITests.build/ResourceManagerResources
    export REZ_OBJECTS_DIR\=/Users/lucasdesouza/Library/Developer/Xcode/DerivedData/Build/Intermediates.noindex/Count\ my\ breaths.build/Debug-iphonesimulator/Count\ my\ breathsUITests.build/ResourceManagerResources/Objects
    export REZ_SEARCH_PATHS\=/Users/lucasdesouza/Library/Developer/Xcode/DerivedData/Build/Products/Debug-iphonesimulator\ 
    export SCAN_ALL_SOURCE_FILES_FOR_INCLUDES\=NO
    export SCRIPTS_FOLDER_PATH\=Count\ my\ breathsUITests.xctest/Scripts
    export SCRIPT_INPUT_FILE_COUNT\=0
    export SCRIPT_INPUT_FILE_LIST_COUNT\=0
    export SCRIPT_OUTPUT_FILE_COUNT\=0
    export SCRIPT_OUTPUT_FILE_LIST_COUNT\=0
    export SDKROOT\=/Applications/Xcode.app/Contents/Developer/Platforms/iPhoneSimulator.platform/Developer/SDKs/iPhoneSimulator14.1.sdk
    export SDK_DIR\=/Applications/Xcode.app/Contents/Developer/Platforms/iPhoneSimulator.platform/Developer/SDKs/iPhoneSimulator14.1.sdk
    export SDK_DIR_iphonesimulator14_1\=/Applications/Xcode.app/Contents/Developer/Platforms/iPhoneSimulator.platform/Developer/SDKs/iPhoneSimulator14.1.sdk
    export SDK_NAME\=iphonesimulator14.1
    export SDK_NAMES\=iphonesimulator14.1
    export SDK_PRODUCT_BUILD_VERSION\=18A8394
    export SDK_VERSION\=14.1
    export SDK_VERSION_ACTUAL\=140100
    export SDK_VERSION_MAJOR\=140000
    export SDK_VERSION_MINOR\=100
    export SED\=/usr/bin/sed
    export SEPARATE_STRIP\=NO
    export SEPARATE_SYMBOL_EDIT\=NO
    export SET_DIR_MODE_OWNER_GROUP\=YES
    export SET_FILE_MODE_OWNER_GROUP\=NO
    export SHALLOW_BUNDLE\=YES
    export SHARED_DERIVED_FILE_DIR\=/Users/lucasdesouza/Library/Developer/Xcode/DerivedData/Build/Products/Debug-iphonesimulator/DerivedSources
    export SHARED_FRAMEWORKS_FOLDER_PATH\=Count\ my\ breathsUITests.xctest/SharedFrameworks
    export SHARED_PRECOMPS_DIR\=/Users/lucasdesouza/Library/Developer/Xcode/DerivedData/Build/Intermediates.noindex/PrecompiledHeaders
    export SHARED_SUPPORT_FOLDER_PATH\=Count\ my\ breathsUITests.xctest/SharedSupport
    export SKIP_INSTALL\=YES
    export SOURCE_ROOT\=/Users/lucasdesouza/projects/breath-ios
    export SRCROOT\=/Users/lucasdesouza/projects/breath-ios
    export STRINGS_FILE_OUTPUT_ENCODING\=binary
    export STRIP_BITCODE_FROM_COPIED_FILES\=NO
    export STRIP_INSTALLED_PRODUCT\=YES
    export STRIP_STYLE\=non-global
    export STRIP_SWIFT_SYMBOLS\=YES
    export SUPPORTED_DEVICE_FAMILIES\=1,2
    export SUPPORTED_PLATFORMS\=iphoneos\ iphonesimulator
    export SUPPORTS_TEXT_BASED_API\=NO
    export SWIFT_ACTIVE_COMPILATION_CONDITIONS\=DEBUG
    export SWIFT_OPTIMIZATION_LEVEL\=-Onone
    export SWIFT_PLATFORM_TARGET_PREFIX\=ios
    export SWIFT_RESPONSE_FILE_PATH_normal_x86_64\=/Users/lucasdesouza/Library/Developer/Xcode/DerivedData/Build/Intermediates.noindex/Count\ my\ breaths.build/Debug-iphonesimulator/Count\ my\ breathsUITests.build/Objects-normal/x86_64/Count\ my\ breathsUITests.SwiftFileList
    export SWIFT_VERSION\=5.0
    export SYMROOT\=/Users/lucasdesouza/Library/Developer/Xcode/DerivedData/Build/Products
    export SYSTEM_ADMIN_APPS_DIR\=/Applications/Utilities
    export SYSTEM_APPS_DIR\=/Applications
    export SYSTEM_CORE_SERVICES_DIR\=/System/Library/CoreServices
    export SYSTEM_DEMOS_DIR\=/Applications/Extras
    export SYSTEM_DEVELOPER_APPS_DIR\=/Applications/Xcode.app/Contents/Developer/Applications
    export SYSTEM_DEVELOPER_BIN_DIR\=/Applications/Xcode.app/Contents/Developer/usr/bin
    export SYSTEM_DEVELOPER_DEMOS_DIR\=/Applications/Xcode.app/Contents/Developer/Applications/Utilities/Built\ Examples
    export SYSTEM_DEVELOPER_DIR\=/Applications/Xcode.app/Contents/Developer
    export SYSTEM_DEVELOPER_DOC_DIR\=/Applications/Xcode.app/Contents/Developer/ADC\ Reference\ Library
    export SYSTEM_DEVELOPER_GRAPHICS_TOOLS_DIR\=/Applications/Xcode.app/Contents/Developer/Applications/Graphics\ Tools
    export SYSTEM_DEVELOPER_JAVA_TOOLS_DIR\=/Applications/Xcode.app/Contents/Developer/Applications/Java\ Tools
    export SYSTEM_DEVELOPER_PERFORMANCE_TOOLS_DIR\=/Applications/Xcode.app/Contents/Developer/Applications/Performance\ Tools
    export SYSTEM_DEVELOPER_RELEASENOTES_DIR\=/Applications/Xcode.app/Contents/Developer/ADC\ Reference\ Library/releasenotes
    export SYSTEM_DEVELOPER_TOOLS\=/Applications/Xcode.app/Contents/Developer/Tools
    export SYSTEM_DEVELOPER_TOOLS_DOC_DIR\=/Applications/Xcode.app/Contents/Developer/ADC\ Reference\ Library/documentation/DeveloperTools
    export SYSTEM_DEVELOPER_TOOLS_RELEASENOTES_DIR\=/Applications/Xcode.app/Contents/Developer/ADC\ Reference\ Library/releasenotes/DeveloperTools
    export SYSTEM_DEVELOPER_USR_DIR\=/Applications/Xcode.app/Contents/Developer/usr
    export SYSTEM_DEVELOPER_UTILITIES_DIR\=/Applications/Xcode.app/Contents/Developer/Applications/Utilities
    export SYSTEM_DEXT_INSTALL_PATH\=/System/Library/DriverExtensions
    export SYSTEM_DOCUMENTATION_DIR\=/Library/Documentation
    export SYSTEM_FRAMEWORK_SEARCH_PATHS\=\ \ /Applications/Xcode.app/Contents/Developer/Platforms/iPhoneSimulator.platform/Developer/Library/Frameworks\ /Applications/Xcode.app/Contents/Developer/Platforms/iPhoneSimulator.platform/Developer/SDKs/iPhoneSimulator14.1.sdk/Developer/Library/Frameworks
    export SYSTEM_KEXT_INSTALL_PATH\=/System/Library/Extensions
    export SYSTEM_LIBRARY_DIR\=/System/Library
    export TAPI_VERIFY_MODE\=ErrorsOnly
    export TARGETED_DEVICE_FAMILY\=1,2
    export TARGETNAME\=Count\ my\ breathsUITests
    export TARGET_BUILD_DIR\=/Users/lucasdesouza/Library/Developer/Xcode/DerivedData/Build/Products/Debug-iphonesimulator/Count\ my\ breathsUITests-Runner.app/PlugIns
    export TARGET_BUILD_SUBPATH\=/Count\ my\ breathsUITests-Runner.app/PlugIns
    export TARGET_DEVICE_IDENTIFIER\=8DB31988-69E8-4334-A22A-3B3A7A9D598F
    export TARGET_DEVICE_MODEL\=iPhone13,2
    export TARGET_DEVICE_OS_VERSION\=14.1
    export TARGET_NAME\=Count\ my\ breathsUITests
    export TARGET_TEMP_DIR\=/Users/lucasdesouza/Library/Developer/Xcode/DerivedData/Build/Intermediates.noindex/Count\ my\ breaths.build/Debug-iphonesimulator/Count\ my\ breathsUITests.build
    export TEMP_DIR\=/Users/lucasdesouza/Library/Developer/Xcode/DerivedData/Build/Intermediates.noindex/Count\ my\ breaths.build/Debug-iphonesimulator/Count\ my\ breathsUITests.build
    export TEMP_FILES_DIR\=/Users/lucasdesouza/Library/Developer/Xcode/DerivedData/Build/Intermediates.noindex/Count\ my\ breaths.build/Debug-iphonesimulator/Count\ my\ breathsUITests.build
    export TEMP_FILE_DIR\=/Users/lucasdesouza/Library/Developer/Xcode/DerivedData/Build/Intermediates.noindex/Count\ my\ breaths.build/Debug-iphonesimulator/Count\ my\ breathsUITests.build
    export TEMP_ROOT\=/Users/lucasdesouza/Library/Developer/Xcode/DerivedData/Build/Intermediates.noindex
    export TEST_FRAMEWORK_SEARCH_PATHS\=\ /Applications/Xcode.app/Contents/Developer/Platforms/iPhoneSimulator.platform/Developer/Library/Frameworks\ /Applications/Xcode.app/Contents/Developer/Platforms/iPhoneSimulator.platform/Developer/SDKs/iPhoneSimulator14.1.sdk/Developer/Library/Frameworks
    export TEST_LIBRARY_SEARCH_PATHS\=\ /Applications/Xcode.app/Contents/Developer/Platforms/iPhoneSimulator.platform/Developer/usr/lib
    export TEST_TARGET_NAME\=Count\ my\ breaths
    export TOOLCHAINS\=com.apple.dt.toolchain.XcodeDefault
    export TOOLCHAIN_DIR\=/Applications/Xcode.app/Contents/Developer/Toolchains/XcodeDefault.xctoolchain
    export TREAT_MISSING_BASELINES_AS_TEST_FAILURES\=NO
    export TeamIdentifierPrefix\=Y259ZT3SQK.
    export UID\=501
    export UNLOCALIZED_RESOURCES_FOLDER_PATH\=Count\ my\ breathsUITests.xctest
    export UNSTRIPPED_PRODUCT\=NO
    export USER\=lucasdesouza
    export USER_APPS_DIR\=/Users/lucasdesouza/Applications
    export USER_LIBRARY_DIR\=/Users/lucasdesouza/Library
    export USES_XCTRUNNER\=YES
    export USE_DYNAMIC_NO_PIC\=YES
    export USE_HEADERMAP\=YES
    export USE_HEADER_SYMLINKS\=NO
    export USE_LLVM_TARGET_TRIPLES\=YES
    export USE_LLVM_TARGET_TRIPLES_FOR_CLANG\=YES
    export USE_LLVM_TARGET_TRIPLES_FOR_LD\=YES
    export USE_LLVM_TARGET_TRIPLES_FOR_TAPI\=YES
    export VALIDATE_DEVELOPMENT_ASSET_PATHS\=YES_ERROR
    export VALIDATE_PRODUCT\=NO
    export VALIDATE_WORKSPACE\=YES_ERROR
    export VALID_ARCHS\=arm64\ arm64e\ i386\ x86_64
    export VERBOSE_PBXCP\=NO
    export VERSIONPLIST_PATH\=Count\ my\ breathsUITests.xctest/version.plist
    export VERSION_INFO_BUILDER\=lucasdesouza
    export VERSION_INFO_FILE\=Count\ my\ breathsUITests_vers.c
    export VERSION_INFO_STRING\=\"@\(\#\)PROGRAM:Count\ my\ breathsUITests\ \ PROJECT:Count\ my\ breaths-\"
    export WRAPPER_EXTENSION\=xctest
    export WRAPPER_NAME\=Count\ my\ breathsUITests.xctest
    export WRAPPER_SUFFIX\=.xctest
    export WRAP_ASSET_PACKS_IN_SEPARATE_DIRECTORIES\=NO
    export XCODE_APP_SUPPORT_DIR\=/Applications/Xcode.app/Contents/Developer/Library/Xcode
    export XCODE_PRODUCT_BUILD_VERSION\=12A7403
    export XCODE_VERSION_ACTUAL\=1210
    export XCODE_VERSION_MAJOR\=1200
    export XCODE_VERSION_MINOR\=1210
    export XPCSERVICES_FOLDER_PATH\=Count\ my\ breathsUITests.xctest/XPCServices
    export YACC\=yacc
    export arch\=undefined_arch
    export variant\=normal
    /bin/sh -c /Users/lucasdesouza/Library/Developer/Xcode/DerivedData/Build/Intermediates.noindex/Count\\\ my\\\ breaths.build/Debug-iphonesimulator/Count\\\ my\\\ breathsUITests.build/Script-DFA26AAD25450DEF00E86B99.sh
No devices are booted.

Testing started
2020-10-25 00:49:13.218999-0500 Count my breathsUITests-Runner[98842:1362445] Running tests...
Test Suite 'All tests' started at 2020-10-25 00:49:13.292
Test Suite 'Count my breathsUITests.xctest' started at 2020-10-25 00:49:13.293
Test Suite 'CounterViewTests' started at 2020-10-25 00:49:13.293
Test Case '-[Count_my_breathsUITests.CounterViewTests test_onCountEnd_shouldShowResult]' started.
    t =     0.00s Start Test at 2020-10-25 00:49:13.294
    t =     0.10s Set Up
    t =     0.11s Open com.lucasdesouza.countmybreaths
    t =     0.18s     Launch com.lucasdesouza.countmybreaths
    t =     0.79s         Setting up automation session
    t =     1.02s         Wait for com.lucasdesouza.countmybreaths to idle
    t =     2.25s Checking existence of `"We have made some changes since you last used the app." StaticText`
    t =     2.28s Tap "Start counting" Button
    t =     2.28s     Wait for com.lucasdesouza.countmybreaths to idle
    t =     2.33s     Find the "Start counting" Button
    t =     2.34s     Check for interrupting elements affecting "Start counting" Button
    t =     2.35s     Synthesize event
    t =     2.47s     Wait for com.lucasdesouza.countmybreaths to idle
    t =     2.54s Tap "Start counting" Button
    t =     2.54s     Wait for com.lucasdesouza.countmybreaths to idle
    t =     2.59s     Find the "Start counting" Button
    t =     2.61s     Check for interrupting elements affecting "Start counting" Button
    t =     2.63s     Synthesize event
    t =     2.75s     Wait for com.lucasdesouza.countmybreaths to idle
    t =     2.81s Tap "Start counting" Button
    t =     2.81s     Wait for com.lucasdesouza.countmybreaths to idle
    t =     2.87s     Find the "Start counting" Button
    t =     2.89s     Check for interrupting elements affecting "Start counting" Button
    t =     2.90s     Synthesize event
    t =     3.02s     Wait for com.lucasdesouza.countmybreaths to idle
    t =     3.08s Waiting 35.0s for "Counted 6 beats per minute." StaticText to exist
    t =     4.10s     Checking `Expect predicate `exists == 1` for object "Counted 6 beats per minute." StaticText`
    t =     4.10s         Checking existence of `"Counted 6 beats per minute." StaticText`
    t =     4.12s         Capturing element debug description
    t =     5.13s     Checking `Expect predicate `exists == 1` for object "Counted 6 beats per minute." StaticText`
    t =     5.13s         Checking existence of `"Counted 6 beats per minute." StaticText`
    t =     5.15s         Capturing element debug description
    t =     6.17s     Checking `Expect predicate `exists == 1` for object "Counted 6 beats per minute." StaticText`
    t =     6.17s         Checking existence of `"Counted 6 beats per minute." StaticText`
    t =     6.18s         Capturing element debug description
    t =     7.20s     Checking `Expect predicate `exists == 1` for object "Counted 6 beats per minute." StaticText`
    t =     7.20s         Checking existence of `"Counted 6 beats per minute." StaticText`
    t =     7.21s         Capturing element debug description
    t =     8.23s     Checking `Expect predicate `exists == 1` for object "Counted 6 beats per minute." StaticText`
    t =     8.24s         Checking existence of `"Counted 6 beats per minute." StaticText`
    t =     8.25s         Capturing element debug description
    t =     9.26s     Checking `Expect predicate `exists == 1` for object "Counted 6 beats per minute." StaticText`
    t =     9.27s         Checking existence of `"Counted 6 beats per minute." StaticText`
    t =     9.28s         Capturing element debug description
    t =    10.30s     Checking `Expect predicate `exists == 1` for object "Counted 6 beats per minute." StaticText`
    t =    10.30s         Checking existence of `"Counted 6 beats per minute." StaticText`
    t =    10.31s         Capturing element debug description
    t =    11.33s     Checking `Expect predicate `exists == 1` for object "Counted 6 beats per minute." StaticText`
    t =    11.33s         Checking existence of `"Counted 6 beats per minute." StaticText`
    t =    11.35s         Capturing element debug description
    t =    12.37s     Checking `Expect predicate `exists == 1` for object "Counted 6 beats per minute." StaticText`
    t =    12.37s         Checking existence of `"Counted 6 beats per minute." StaticText`
    t =    12.38s         Capturing element debug description
    t =    13.40s     Checking `Expect predicate `exists == 1` for object "Counted 6 beats per minute." StaticText`
    t =    13.40s         Checking existence of `"Counted 6 beats per minute." StaticText`
    t =    13.42s         Capturing element debug description
    t =    14.43s     Checking `Expect predicate `exists == 1` for object "Counted 6 beats per minute." StaticText`
    t =    14.43s         Checking existence of `"Counted 6 beats per minute." StaticText`
    t =    14.45s         Capturing element debug description
    t =    15.48s     Checking `Expect predicate `exists == 1` for object "Counted 6 beats per minute." StaticText`
    t =    15.48s         Checking existence of `"Counted 6 beats per minute." StaticText`
    t =    15.50s         Capturing element debug description
    t =    16.51s     Checking `Expect predicate `exists == 1` for object "Counted 6 beats per minute." StaticText`
    t =    16.52s         Checking existence of `"Counted 6 beats per minute." StaticText`
    t =    16.53s         Capturing element debug description
    t =    17.55s     Checking `Expect predicate `exists == 1` for object "Counted 6 beats per minute." StaticText`
    t =    17.55s         Checking existence of `"Counted 6 beats per minute." StaticText`
    t =    17.57s         Capturing element debug description
    t =    18.58s     Checking `Expect predicate `exists == 1` for object "Counted 6 beats per minute." StaticText`
    t =    18.58s         Checking existence of `"Counted 6 beats per minute." StaticText`
    t =    18.60s         Capturing element debug description
    t =    19.62s     Checking `Expect predicate `exists == 1` for object "Counted 6 beats per minute." StaticText`
    t =    19.62s         Checking existence of `"Counted 6 beats per minute." StaticText`
    t =    19.63s         Capturing element debug description
    t =    20.65s     Checking `Expect predicate `exists == 1` for object "Counted 6 beats per minute." StaticText`
    t =    20.65s         Checking existence of `"Counted 6 beats per minute." StaticText`
    t =    20.67s         Capturing element debug description
    t =    21.68s     Checking `Expect predicate `exists == 1` for object "Counted 6 beats per minute." StaticText`
    t =    21.68s         Checking existence of `"Counted 6 beats per minute." StaticText`
    t =    21.70s         Capturing element debug description
    t =    22.71s     Checking `Expect predicate `exists == 1` for object "Counted 6 beats per minute." StaticText`
    t =    22.72s         Checking existence of `"Counted 6 beats per minute." StaticText`
    t =    22.73s         Capturing element debug description
    t =    23.76s     Checking `Expect predicate `exists == 1` for object "Counted 6 beats per minute." StaticText`
    t =    23.76s         Checking existence of `"Counted 6 beats per minute." StaticText`
    t =    23.77s         Capturing element debug description
    t =    24.78s     Checking `Expect predicate `exists == 1` for object "Counted 6 beats per minute." StaticText`
    t =    24.78s         Checking existence of `"Counted 6 beats per minute." StaticText`
    t =    24.80s         Capturing element debug description
    t =    25.82s     Checking `Expect predicate `exists == 1` for object "Counted 6 beats per minute." StaticText`
    t =    25.82s         Checking existence of `"Counted 6 beats per minute." StaticText`
    t =    25.83s         Capturing element debug description
    t =    26.86s     Checking `Expect predicate `exists == 1` for object "Counted 6 beats per minute." StaticText`
    t =    26.87s         Checking existence of `"Counted 6 beats per minute." StaticText`
    t =    26.88s         Capturing element debug description
    t =    27.90s     Checking `Expect predicate `exists == 1` for object "Counted 6 beats per minute." StaticText`
    t =    27.90s         Checking existence of `"Counted 6 beats per minute." StaticText`
    t =    27.92s         Capturing element debug description
    t =    28.93s     Checking `Expect predicate `exists == 1` for object "Counted 6 beats per minute." StaticText`
    t =    28.93s         Checking existence of `"Counted 6 beats per minute." StaticText`
    t =    28.95s         Capturing element debug description
    t =    29.97s     Checking `Expect predicate `exists == 1` for object "Counted 6 beats per minute." StaticText`
    t =    29.97s         Checking existence of `"Counted 6 beats per minute." StaticText`
    t =    29.98s         Capturing element debug description
    t =    31.02s     Checking `Expect predicate `exists == 1` for object "Counted 6 beats per minute." StaticText`
    t =    31.02s         Checking existence of `"Counted 6 beats per minute." StaticText`
    t =    31.03s         Capturing element debug description
    t =    32.05s     Checking `Expect predicate `exists == 1` for object "Counted 6 beats per minute." StaticText`
    t =    32.05s         Checking existence of `"Counted 6 beats per minute." StaticText`
    t =    32.07s         Capturing element debug description
    t =    33.08s     Checking `Expect predicate `exists == 1` for object "Counted 6 beats per minute." StaticText`
    t =    33.08s         Checking existence of `"Counted 6 beats per minute." StaticText`
    t =    33.10s         Capturing element debug description
    t =    34.12s     Checking `Expect predicate `exists == 1` for object "Counted 6 beats per minute." StaticText`
    t =    34.12s         Checking existence of `"Counted 6 beats per minute." StaticText`
    t =    34.13s Tear Down
Test Case '-[Count_my_breathsUITests.CounterViewTests test_onCountEnd_shouldShowResult]' passed (34.338 seconds).
Test Case '-[Count_my_breathsUITests.CounterViewTests test_onCountReset_shouldStopCounting]' started.
    t =     0.00s Start Test at 2020-10-25 00:49:47.632
    t =     0.06s Set Up
    t =     0.06s Open com.lucasdesouza.countmybreaths
    t =     0.12s     Launch com.lucasdesouza.countmybreaths
    t =     0.12s         Terminate com.lucasdesouza.countmybreaths:98848
    t =     1.42s         Setting up automation session
    t =     1.53s         Wait for com.lucasdesouza.countmybreaths to idle
    t =     2.93s Checking existence of `"We have made some changes since you last used the app." StaticText`
    t =     2.95s Tap "Start counting" Button
    t =     2.95s     Wait for com.lucasdesouza.countmybreaths to idle
    t =     3.00s     Find the "Start counting" Button
    t =     3.01s     Check for interrupting elements affecting "Start counting" Button
    t =     3.02s     Synthesize event
    t =     3.13s     Wait for com.lucasdesouza.countmybreaths to idle
    t =     3.19s Checking existence of `"Breaths: 1" StaticText`
    t =     3.21s Tap "Reset" Button
    t =     3.21s     Wait for com.lucasdesouza.countmybreaths to idle
    t =     3.27s     Find the "Reset" Button
    t =     3.29s     Check for interrupting elements affecting "Reset" Button
    t =     3.30s     Synthesize event
    t =     3.42s     Wait for com.lucasdesouza.countmybreaths to idle
    t =     3.48s Checking existence of `"Breaths: 1" StaticText`
    t =     3.49s Checking existence of `"Reset" Button`
    t =     3.50s Tear Down
Test Case '-[Count_my_breathsUITests.CounterViewTests test_onCountReset_shouldStopCounting]' passed (3.711 seconds).
Test Case '-[Count_my_breathsUITests.CounterViewTests test_shouldCountOnButtonTap]' started.
    t =     0.00s Start Test at 2020-10-25 00:49:51.344
    t =     0.06s Set Up
    t =     0.06s Open com.lucasdesouza.countmybreaths
    t =     0.11s     Launch com.lucasdesouza.countmybreaths
    t =     0.11s         Terminate com.lucasdesouza.countmybreaths:98876
    t =     1.41s         Setting up automation session
    t =     1.48s         Wait for com.lucasdesouza.countmybreaths to idle
    t =     2.82s Checking existence of `"We have made some changes since you last used the app." StaticText`
    t =     2.85s Tap "Start counting" Button
    t =     2.85s     Wait for com.lucasdesouza.countmybreaths to idle
    t =     2.90s     Find the "Start counting" Button
    t =     2.91s     Check for interrupting elements affecting "Start counting" Button
    t =     2.92s     Synthesize event
    t =     3.03s     Wait for com.lucasdesouza.countmybreaths to idle
    t =     3.09s Checking existence of `"Breaths: 1" StaticText`
    t =     3.11s Checking existence of `"Seconds remaining 30" StaticText`
    t =     3.13s Checking existence of `"Reset" Button`
    t =     3.14s Tap "Start counting" Button
    t =     3.14s     Wait for com.lucasdesouza.countmybreaths to idle
    t =     3.20s     Find the "Start counting" Button
    t =     3.22s     Check for interrupting elements affecting "Start counting" Button
    t =     3.23s     Synthesize event
    t =     3.35s     Wait for com.lucasdesouza.countmybreaths to idle
    t =     3.41s Checking existence of `"Breaths: 2" StaticText`
    t =     3.42s Tap "Start counting" Button
    t =     3.42s     Wait for com.lucasdesouza.countmybreaths to idle
    t =     3.48s     Find the "Start counting" Button
    t =     3.50s     Check for interrupting elements affecting "Start counting" Button
    t =     3.51s     Synthesize event
    t =     3.63s     Wait for com.lucasdesouza.countmybreaths to idle
    t =     3.69s Checking existence of `"Breaths: 3" StaticText`
    t =     3.71s Tear Down
Test Case '-[Count_my_breathsUITests.CounterViewTests test_shouldCountOnButtonTap]' passed (3.917 seconds).
Test Case '-[Count_my_breathsUITests.CounterViewTests test_shouldLoad]' started.
    t =     0.00s Start Test at 2020-10-25 00:49:55.262
    t =     0.07s Set Up
    t =     0.07s Open com.lucasdesouza.countmybreaths
    t =     0.13s     Launch com.lucasdesouza.countmybreaths
    t =     0.13s         Terminate com.lucasdesouza.countmybreaths:98877
    t =     1.42s         Setting up automation session
    t =     1.46s         Wait for com.lucasdesouza.countmybreaths to idle
    t =     2.78s Checking existence of `"We have made some changes since you last used the app." StaticText`
    t =     2.81s Checking existence of `"Start counting" Button`
    t =     2.82s Checking existence of `"Click on the heart below to start counting" StaticText`
    t =     2.83s Tear Down
Test Case '-[Count_my_breathsUITests.CounterViewTests test_shouldLoad]' passed (3.040 seconds).
Test Suite 'CounterViewTests' passed at 2020-10-25 00:49:58.302.
	 Executed 4 tests, with 0 failures (0 unexpected) in 45.007 (45.009) seconds
Test Suite 'HistoryViewTests' started at 2020-10-25 00:49:58.304
Test Case '-[Count_my_breathsUITests.HistoryViewTests test_shouldCreateARecord]' started.
    t =     0.00s Start Test at 2020-10-25 00:49:58.305
    t =     0.05s Set Up
    t =     0.05s Open com.lucasdesouza.countmybreaths
    t =     0.10s     Launch com.lucasdesouza.countmybreaths
    t =     0.10s         Terminate com.lucasdesouza.countmybreaths:98878
    t =     1.36s         Setting up automation session
    t =     1.41s         Wait for com.lucasdesouza.countmybreaths to idle
    t =     2.76s Checking existence of `"We have made some changes since you last used the app." StaticText`
    t =     2.78s Tap Button
    t =     2.78s     Wait for com.lucasdesouza.countmybreaths to idle
    t =     2.83s     Find the Button
    t =     2.84s     Check for interrupting elements affecting "Menu" Button
    t =     2.85s     Synthesize event
    t =     2.96s     Wait for com.lucasdesouza.countmybreaths to idle
    t =     3.51s Tap "History" Cell
    t =     3.51s     Wait for com.lucasdesouza.countmybreaths to idle
    t =     3.58s     Find the "History" Cell
    t =     3.62s     Check for interrupting elements affecting "History" Cell
    t =     3.64s     Synthesize event
    t =     3.75s     Wait for com.lucasdesouza.countmybreaths to idle
    t =     3.91s Tap Button
    t =     3.91s     Wait for com.lucasdesouza.countmybreaths to idle
    t =     4.41s     Find the Button
    t =     4.47s     Check for interrupting elements affecting "Menu" Button
    t =     4.50s     Synthesize event
    t =     4.61s     Wait for com.lucasdesouza.countmybreaths to idle
    t =     5.16s Tap "Counter" Cell
    t =     5.16s     Wait for com.lucasdesouza.countmybreaths to idle
    t =     5.23s     Find the "Counter" Cell
    t =     5.27s     Check for interrupting elements affecting "Counter" Cell
    t =     5.29s     Synthesize event
    t =     5.39s     Wait for com.lucasdesouza.countmybreaths to idle
    t =     5.47s Tap "Start counting" Button
    t =     5.47s     Wait for com.lucasdesouza.countmybreaths to idle
    t =     5.97s     Find the "Start counting" Button
    t =     6.00s     Check for interrupting elements affecting "Start counting" Button
    t =     6.01s     Synthesize event
    t =     6.12s     Wait for com.lucasdesouza.countmybreaths to idle
    t =     6.17s Tap "Start counting" Button
    t =     6.17s     Wait for com.lucasdesouza.countmybreaths to idle
    t =     6.23s     Find the "Start counting" Button
    t =     6.25s     Check for interrupting elements affecting "Start counting" Button
    t =     6.26s     Synthesize event
    t =     6.38s     Wait for com.lucasdesouza.countmybreaths to idle
    t =     6.44s Tap "Start counting" Button
    t =     6.44s     Wait for com.lucasdesouza.countmybreaths to idle
    t =     6.49s     Find the "Start counting" Button
    t =     6.51s     Check for interrupting elements affecting "Start counting" Button
    t =     6.53s     Synthesize event
    t =     6.65s     Wait for com.lucasdesouza.countmybreaths to idle
    t =     6.71s Tap "Start counting" Button
    t =     6.71s     Wait for com.lucasdesouza.countmybreaths to idle
    t =     6.77s     Find the "Start counting" Button
    t =     6.78s     Check for interrupting elements affecting "Start counting" Button
    t =     6.80s     Synthesize event
    t =     6.92s     Wait for com.lucasdesouza.countmybreaths to idle
    t =     6.98s Tap "Start counting" Button
    t =     6.98s     Wait for com.lucasdesouza.countmybreaths to idle
    t =     7.04s     Find the "Start counting" Button
    t =     7.06s     Check for interrupting elements affecting "Start counting" Button
    t =     7.08s     Synthesize event
    t =     7.19s     Wait for com.lucasdesouza.countmybreaths to idle
    t =     7.25s Waiting 35.0s for "Counted 10 beats per minute." StaticText to exist
    t =     8.28s     Checking `Expect predicate `exists == 1` for object "Counted 10 beats per minute." StaticText`
    t =     8.28s         Checking existence of `"Counted 10 beats per minute." StaticText`
    t =     8.30s         Capturing element debug description
    t =     9.30s     Checking `Expect predicate `exists == 1` for object "Counted 10 beats per minute." StaticText`
    t =     9.31s         Checking existence of `"Counted 10 beats per minute." StaticText`
    t =     9.32s         Capturing element debug description
    t =    10.35s     Checking `Expect predicate `exists == 1` for object "Counted 10 beats per minute." StaticText`
    t =    10.35s         Checking existence of `"Counted 10 beats per minute." StaticText`
    t =    10.37s         Capturing element debug description
    t =    11.38s     Checking `Expect predicate `exists == 1` for object "Counted 10 beats per minute." StaticText`
    t =    11.38s         Checking existence of `"Counted 10 beats per minute." StaticText`
    t =    11.40s         Capturing element debug description
    t =    12.41s     Checking `Expect predicate `exists == 1` for object "Counted 10 beats per minute." StaticText`
    t =    12.42s         Checking existence of `"Counted 10 beats per minute." StaticText`
    t =    12.43s         Capturing element debug description
    t =    13.46s     Checking `Expect predicate `exists == 1` for object "Counted 10 beats per minute." StaticText`
    t =    13.47s         Checking existence of `"Counted 10 beats per minute." StaticText`
    t =    13.48s         Capturing element debug description
    t =    14.51s     Checking `Expect predicate `exists == 1` for object "Counted 10 beats per minute." StaticText`
    t =    14.52s         Checking existence of `"Counted 10 beats per minute." StaticText`
    t =    14.53s         Capturing element debug description
    t =    15.55s     Checking `Expect predicate `exists == 1` for object "Counted 10 beats per minute." StaticText`
    t =    15.55s         Checking existence of `"Counted 10 beats per minute." StaticText`
    t =    15.56s         Capturing element debug description
    t =    16.58s     Checking `Expect predicate `exists == 1` for object "Counted 10 beats per minute." StaticText`
    t =    16.58s         Checking existence of `"Counted 10 beats per minute." StaticText`
    t =    16.60s         Capturing element debug description
    t =    17.62s     Checking `Expect predicate `exists == 1` for object "Counted 10 beats per minute." StaticText`
    t =    17.62s         Checking existence of `"Counted 10 beats per minute." StaticText`
    t =    17.63s         Capturing element debug description
    t =    18.65s     Checking `Expect predicate `exists == 1` for object "Counted 10 beats per minute." StaticText`
    t =    18.65s         Checking existence of `"Counted 10 beats per minute." StaticText`
    t =    18.66s         Capturing element debug description
    t =    19.68s     Checking `Expect predicate `exists == 1` for object "Counted 10 beats per minute." StaticText`
    t =    19.68s         Checking existence of `"Counted 10 beats per minute." StaticText`
    t =    19.70s         Capturing element debug description
    t =    20.72s     Checking `Expect predicate `exists == 1` for object "Counted 10 beats per minute." StaticText`
    t =    20.72s         Checking existence of `"Counted 10 beats per minute." StaticText`
    t =    20.73s         Capturing element debug description
    t =    21.75s     Checking `Expect predicate `exists == 1` for object "Counted 10 beats per minute." StaticText`
    t =    21.75s         Checking existence of `"Counted 10 beats per minute." StaticText`
    t =    21.76s         Capturing element debug description
    t =    22.78s     Checking `Expect predicate `exists == 1` for object "Counted 10 beats per minute." StaticText`
    t =    22.78s         Checking existence of `"Counted 10 beats per minute." StaticText`
    t =    22.80s         Capturing element debug description
    t =    23.80s     Checking `Expect predicate `exists == 1` for object "Counted 10 beats per minute." StaticText`
    t =    23.80s         Checking existence of `"Counted 10 beats per minute." StaticText`
    t =    23.82s         Capturing element debug description
    t =    24.83s     Checking `Expect predicate `exists == 1` for object "Counted 10 beats per minute." StaticText`
    t =    24.84s         Checking existence of `"Counted 10 beats per minute." StaticText`
    t =    24.85s         Capturing element debug description
    t =    25.86s     Checking `Expect predicate `exists == 1` for object "Counted 10 beats per minute." StaticText`
    t =    25.87s         Checking existence of `"Counted 10 beats per minute." StaticText`
    t =    25.88s         Capturing element debug description
    t =    26.88s     Checking `Expect predicate `exists == 1` for object "Counted 10 beats per minute." StaticText`
    t =    26.89s         Checking existence of `"Counted 10 beats per minute." StaticText`
    t =    26.90s         Capturing element debug description
    t =    27.92s     Checking `Expect predicate `exists == 1` for object "Counted 10 beats per minute." StaticText`
    t =    27.93s         Checking existence of `"Counted 10 beats per minute." StaticText`
    t =    27.94s         Capturing element debug description
    t =    28.96s     Checking `Expect predicate `exists == 1` for object "Counted 10 beats per minute." StaticText`
    t =    28.96s         Checking existence of `"Counted 10 beats per minute." StaticText`
    t =    28.98s         Capturing element debug description
    t =    30.01s     Checking `Expect predicate `exists == 1` for object "Counted 10 beats per minute." StaticText`
    t =    30.01s         Checking existence of `"Counted 10 beats per minute." StaticText`
    t =    30.03s         Capturing element debug description
    t =    31.04s     Checking `Expect predicate `exists == 1` for object "Counted 10 beats per minute." StaticText`
    t =    31.04s         Checking existence of `"Counted 10 beats per minute." StaticText`
    t =    31.06s         Capturing element debug description
    t =    32.08s     Checking `Expect predicate `exists == 1` for object "Counted 10 beats per minute." StaticText`
    t =    32.08s         Checking existence of `"Counted 10 beats per minute." StaticText`
    t =    32.10s         Capturing element debug description
    t =    33.12s     Checking `Expect predicate `exists == 1` for object "Counted 10 beats per minute." StaticText`
    t =    33.12s         Checking existence of `"Counted 10 beats per minute." StaticText`
    t =    33.14s         Capturing element debug description
    t =    34.15s     Checking `Expect predicate `exists == 1` for object "Counted 10 beats per minute." StaticText`
    t =    34.15s         Checking existence of `"Counted 10 beats per minute." StaticText`
    t =    34.17s         Capturing element debug description
    t =    35.18s     Checking `Expect predicate `exists == 1` for object "Counted 10 beats per minute." StaticText`
    t =    35.18s         Checking existence of `"Counted 10 beats per minute." StaticText`
    t =    35.20s         Capturing element debug description
    t =    36.21s     Checking `Expect predicate `exists == 1` for object "Counted 10 beats per minute." StaticText`
    t =    36.22s         Checking existence of `"Counted 10 beats per minute." StaticText`
    t =    36.23s         Capturing element debug description
    t =    37.25s     Checking `Expect predicate `exists == 1` for object "Counted 10 beats per minute." StaticText`
    t =    37.25s         Checking existence of `"Counted 10 beats per minute." StaticText`
    t =    37.27s Tap Button
    t =    37.27s     Wait for com.lucasdesouza.countmybreaths to idle
    t =    37.33s     Find the Button
    t =    37.34s     Check for interrupting elements affecting "Menu" Button
    t =    37.35s     Synthesize event
    t =    37.47s     Wait for com.lucasdesouza.countmybreaths to idle
    t =    38.01s Tap "History" Cell
    t =    38.01s     Wait for com.lucasdesouza.countmybreaths to idle
    t =    38.08s     Find the "History" Cell
    t =    38.11s     Check for interrupting elements affecting "History" Cell
    t =    38.13s     Synthesize event
    t =    38.24s     Wait for com.lucasdesouza.countmybreaths to idle
    t =    38.36s Checking existence of `"10.00" StaticText`
    t =    38.45s Tear Down
Test Case '-[Count_my_breathsUITests.HistoryViewTests test_shouldCreateARecord]' passed (38.660 seconds).
Test Case '-[Count_my_breathsUITests.HistoryViewTests test_shouldLoad]' started.
    t =     0.00s Start Test at 2020-10-25 00:50:36.966
    t =     0.08s Set Up
    t =     0.08s Open com.lucasdesouza.countmybreaths
    t =     0.15s     Launch com.lucasdesouza.countmybreaths
    t =     0.15s         Terminate com.lucasdesouza.countmybreaths:98879
    t =     1.46s         Setting up automation session
    t =     1.55s         Wait for com.lucasdesouza.countmybreaths to idle
    t =     2.96s Checking existence of `"We have made some changes since you last used the app." StaticText`
    t =     2.98s Tap Button
    t =     2.98s     Wait for com.lucasdesouza.countmybreaths to idle
    t =     3.03s     Find the Button
    t =     3.04s     Check for interrupting elements affecting "Menu" Button
    t =     3.06s     Synthesize event
    t =     3.17s     Wait for com.lucasdesouza.countmybreaths to idle
    t =     3.72s Tap "History" Cell
    t =     3.72s     Wait for com.lucasdesouza.countmybreaths to idle
    t =     3.78s     Find the "History" Cell
    t =     3.83s     Check for interrupting elements affecting "History" Cell
    t =     3.86s     Synthesize event
    t =     3.97s     Wait for com.lucasdesouza.countmybreaths to idle
    t =     4.16s Checking existence of `"List" Button`
    t =     4.26s Checking existence of `"Graph" Button`
    t =     4.35s Checking existence of `"Stats" Button`
    t =     4.44s Tear Down
Test Case '-[Count_my_breathsUITests.HistoryViewTests test_shouldLoad]' passed (4.646 seconds).
Test Suite 'HistoryViewTests' passed at 2020-10-25 00:50:41.612.
	 Executed 2 tests, with 0 failures (0 unexpected) in 43.307 (43.309) seconds
Test Suite 'Count my breathsUITests.xctest' passed at 2020-10-25 00:50:41.613.
	 Executed 6 tests, with 0 failures (0 unexpected) in 88.313 (88.321) seconds
Test Suite 'All tests' passed at 2020-10-25 00:50:41.615.
	 Executed 6 tests, with 0 failures (0 unexpected) in 88.313 (88.323) seconds

Test session results, code coverage, and logs:
	/Users/lucasdesouza/Library/Developer/Xcode/DerivedData/Logs/Test/Run-e2e-2020.10.25_00-49-03--0500.xcresult

** TEST SUCCEEDED **

